#
# There is insufficient memory for the Java Runtime Environment to continue.
# Native memory allocation (malloc) failed to allocate 449136 bytes for Chunk::new
# Possible reasons:
#   The system is out of physical RAM or swap space
#   In 32 bit mode, the process size limit was hit
# Possible solutions:
#   Reduce memory load on the system
#   Increase physical memory or swap space
#   Check if swap backing store is full
#   Use 64 bit Java on a 64 bit OS
#   Decrease Java heap size (-Xmx/-Xms)
#   Decrease number of Java threads
#   Decrease Java thread stack sizes (-Xss)
#   Set larger code cache with -XX:ReservedCodeCacheSize=
# This output file may be truncated or incomplete.
#
#  Out of Memory Error (allocation.cpp:390), pid=2648, tid=0x0000000000001100
#
# JRE version: Java(TM) SE Runtime Environment (8.0_101-b13) (build 1.8.0_101-b13)
# Java VM: Java HotSpot(TM) 64-Bit Server VM (25.101-b13 mixed mode windows-amd64 compressed oops)
# Failed to write core dump. Minidumps are not enabled by default on client versions of Windows
#

---------------  T H R E A D  ---------------

Current thread (0x00000000145b8000):  JavaThread "C2 CompilerThread1" daemon [_thread_in_native, id=4352, stack(0x0000000015e20000,0x0000000015f20000)]

Stack: [0x0000000015e20000,0x0000000015f20000]
[error occurred during error reporting (printing stack bounds), id 0xc0000005]

Native frames: (J=compiled Java code, j=interpreted, Vv=VM code, C=native code)


Current CompileTask:
C2:  21677 1967 %     4       com.android.dx.dex.code.OutputFinisher::getAllConstants @ 18 (47 bytes)


---------------  P R O C E S S  ---------------

Java Threads: ( => current thread )
  0x0000000016156800 JavaThread "pool-1-thread-1" [_thread_in_vm, id=4508, stack(0x0000000016620000,0x0000000016720000)]
  0x0000000016025800 JavaThread "Service Thread" daemon [_thread_blocked, id=6964, stack(0x0000000016420000,0x0000000016520000)]
  0x00000000145be800 JavaThread "C1 CompilerThread2" daemon [_thread_in_native, id=6248, stack(0x0000000015f20000,0x0000000016020000)]
=>0x00000000145b8000 JavaThread "C2 CompilerThread1" daemon [_thread_in_native, id=4352, stack(0x0000000015e20000,0x0000000015f20000)]
  0x000000001455d000 JavaThread "C2 CompilerThread0" daemon [_thread_in_native, id=4708, stack(0x0000000015d20000,0x0000000015e20000)]
  0x000000001455b000 JavaThread "Attach Listener" daemon [_thread_blocked, id=5156, stack(0x0000000015c20000,0x0000000015d20000)]
  0x0000000014559800 JavaThread "Signal Dispatcher" daemon [_thread_blocked, id=5580, stack(0x0000000015b20000,0x0000000015c20000)]
  0x0000000001e8a800 JavaThread "Finalizer" daemon [_thread_blocked, id=7296, stack(0x00000000157c0000,0x00000000158c0000)]
  0x0000000014529000 JavaThread "Reference Handler" daemon [_thread_blocked, id=5400, stack(0x00000000156c0000,0x00000000157c0000)]
  0x0000000001d93000 JavaThread "main" [_thread_blocked, id=5992, stack(0x0000000001c10000,0x0000000001d10000)]

Other Threads:
  0x0000000014527000 VMThread [stack: 0x00000000155c0000,0x00000000156c0000] [id=4796]
  0x0000000016029800 WatcherThread [stack: 0x0000000016520000,0x0000000016620000] [id=1636]

VM state:not at safepoint (normal execution)

VM Mutex/Monitor currently owned by a thread: None

Heap:
 PSYoungGen      total 138240K, used 112711K [0x00000000eab00000, 0x00000000f3700000, 0x0000000100000000)
  eden space 133120K, 84% used [0x00000000eab00000,0x00000000f1911de8,0x00000000f2d00000)
  from space 5120K, 0% used [0x00000000f3200000,0x00000000f3200000,0x00000000f3700000)
  to   space 5120K, 0% used [0x00000000f2d00000,0x00000000f2d00000,0x00000000f3200000)
 ParOldGen       total 104448K, used 27441K [0x00000000c0000000, 0x00000000c6600000, 0x00000000eab00000)
  object space 104448K, 26% used [0x00000000c0000000,0x00000000c1acc5b8,0x00000000c6600000)
 Metaspace       used 6089K, capacity 7088K, committed 7296K, reserved 1056768K
  class space    used 591K, capacity 616K, committed 640K, reserved 1048576K

Card table byte_map: [0x0000000011250000,0x0000000011460000] byte_map_base: 0x0000000010c50000

Marking Bits: (ParMarkBitMap*) 0x000000005a0da6d0
 Begin Bits: [0x00000000119c0000, 0x00000000129c0000)
 End Bits:   [0x00000000129c0000, 0x00000000139c0000)

Polling page: 0x00000000003c0000

CodeCache: size=245760Kb used=9545Kb max_used=9555Kb free=236214Kb
 bounds [0x0000000001e90000, 0x00000000027f0000, 0x0000000010e90000]
 total_blobs=2149 nmethods=1886 adapters=175
 compilation: enabled

Compilation events (10 events):
Event: 21.669 Thread 0x00000000145be800 1985       3       com.android.dx.rop.cst.CstString::<init> (42 bytes)
Event: 21.670 Thread 0x00000000145be800 nmethod 1985 0x00000000027e9d50 code [0x00000000027e9f20, 0x00000000027ea4b8]
Event: 21.670 Thread 0x00000000145be800 1986       3       com.android.dx.rop.cst.CstString::stringToUtf8Bytes (175 bytes)
Event: 21.671 Thread 0x00000000145be800 nmethod 1986 0x00000000027e8f10 code [0x00000000027e90e0, 0x00000000027e9958]
Event: 21.671 Thread 0x00000000145be800 1987       3       com.android.dx.dex.file.ProtoIdItem::shortFormCharFor (20 bytes)
Event: 21.671 Thread 0x00000000145be800 nmethod 1987 0x00000000027e8790 code [0x00000000027e8920, 0x00000000027e8d28]
Event: 21.671 Thread 0x00000000145be800 1988       3       com.android.dx.dex.file.MethodIdItem::addContents (23 bytes)
Event: 21.672 Thread 0x000000001455d000 nmethod 1981 0x00000000027e8350 code [0x00000000027e84a0, 0x00000000027e85f8]
Event: 21.672 Thread 0x000000001455d000 1983       4       java.lang.AbstractStringBuilder::<init> (12 bytes)
Event: 21.672 Thread 0x00000000145be800 nmethod 1988 0x00000000027ec890 code [0x00000000027eca60, 0x00000000027ed6b8]

GC Heap History (10 events):
Event: 11.002 GC heap before
{Heap before GC invocations=1 (full 0):
 PSYoungGen      total 38400K, used 33280K [0x00000000eab00000, 0x00000000ed580000, 0x0000000100000000)
  eden space 33280K, 100% used [0x00000000eab00000,0x00000000ecb80000,0x00000000ecb80000)
  from space 5120K, 0% used [0x00000000ed080000,0x00000000ed080000,0x00000000ed580000)
  to   space 5120K, 0% used [0x00000000ecb80000,0x00000000ecb80000,0x00000000ed080000)
 ParOldGen       total 87552K, used 0K [0x00000000c0000000, 0x00000000c5580000, 0x00000000eab00000)
  object space 87552K, 0% used [0x00000000c0000000,0x00000000c0000000,0x00000000c5580000)
 Metaspace       used 5791K, capacity 6832K, committed 7040K, reserved 1056768K
  class space    used 578K, capacity 616K, committed 640K, reserved 1048576K
Event: 11.632 GC heap after
Heap after GC invocations=1 (full 0):
 PSYoungGen      total 38400K, used 5092K [0x00000000eab00000, 0x00000000ef600000, 0x0000000100000000)
  eden space 33280K, 0% used [0x00000000eab00000,0x00000000eab00000,0x00000000ecb80000)
  from space 5120K, 99% used [0x00000000ecb80000,0x00000000ed079080,0x00000000ed080000)
  to   space 5120K, 0% used [0x00000000ef100000,0x00000000ef100000,0x00000000ef600000)
 ParOldGen       total 87552K, used 2740K [0x00000000c0000000, 0x00000000c5580000, 0x00000000eab00000)
  object space 87552K, 3% used [0x00000000c0000000,0x00000000c02ad040,0x00000000c5580000)
 Metaspace       used 5791K, capacity 6832K, committed 7040K, reserved 1056768K
  class space    used 578K, capacity 616K, committed 640K, reserved 1048576K
}
Event: 13.464 GC heap before
{Heap before GC invocations=2 (full 0):
 PSYoungGen      total 38400K, used 38372K [0x00000000eab00000, 0x00000000ef600000, 0x0000000100000000)
  eden space 33280K, 100% used [0x00000000eab00000,0x00000000ecb80000,0x00000000ecb80000)
  from space 5120K, 99% used [0x00000000ecb80000,0x00000000ed079080,0x00000000ed080000)
  to   space 5120K, 0% used [0x00000000ef100000,0x00000000ef100000,0x00000000ef600000)
 ParOldGen       total 87552K, used 2740K [0x00000000c0000000, 0x00000000c5580000, 0x00000000eab00000)
  object space 87552K, 3% used [0x00000000c0000000,0x00000000c02ad040,0x00000000c5580000)
 Metaspace       used 5881K, capacity 6960K, committed 7040K, reserved 1056768K
  class space    used 580K, capacity 616K, committed 640K, reserved 1048576K
Event: 13.630 GC heap after
Heap after GC invocations=2 (full 0):
 PSYoungGen      total 71680K, used 5116K [0x00000000eab00000, 0x00000000ef600000, 0x0000000100000000)
  eden space 66560K, 0% used [0x00000000eab00000,0x00000000eab00000,0x00000000eec00000)
  from space 5120K, 99% used [0x00000000ef100000,0x00000000ef5ff360,0x00000000ef600000)
  to   space 5120K, 0% used [0x00000000eec00000,0x00000000eec00000,0x00000000ef100000)
 ParOldGen       total 87552K, used 17187K [0x00000000c0000000, 0x00000000c5580000, 0x00000000eab00000)
  object space 87552K, 19% used [0x00000000c0000000,0x00000000c10c8f10,0x00000000c5580000)
 Metaspace       used 5881K, capacity 6960K, committed 7040K, reserved 1056768K
  class space    used 580K, capacity 616K, committed 640K, reserved 1048576K
}
Event: 15.415 GC heap before
{Heap before GC invocations=3 (full 0):
 PSYoungGen      total 71680K, used 71676K [0x00000000eab00000, 0x00000000ef600000, 0x0000000100000000)
  eden space 66560K, 100% used [0x00000000eab00000,0x00000000eec00000,0x00000000eec00000)
  from space 5120K, 99% used [0x00000000ef100000,0x00000000ef5ff360,0x00000000ef600000)
  to   space 5120K, 0% used [0x00000000eec00000,0x00000000eec00000,0x00000000ef100000)
 ParOldGen       total 87552K, used 17187K [0x00000000c0000000, 0x00000000c5580000, 0x00000000eab00000)
  object space 87552K, 19% used [0x00000000c0000000,0x00000000c10c8f10,0x00000000c5580000)
 Metaspace       used 5902K, capacity 6960K, committed 7040K, reserved 1056768K
  class space    used 582K, capacity 616K, committed 640K, reserved 1048576K
Event: 15.579 GC heap after
Heap after GC invocations=3 (full 0):
 PSYoungGen      total 71680K, used 5119K [0x00000000eab00000, 0x00000000f3700000, 0x0000000100000000)
  eden space 66560K, 0% used [0x00000000eab00000,0x00000000eab00000,0x00000000eec00000)
  from space 5120K, 99% used [0x00000000eec00000,0x00000000ef0ffd30,0x00000000ef100000)
  to   space 5120K, 0% used [0x00000000f3200000,0x00000000f3200000,0x00000000f3700000)
 ParOldGen       total 87552K, used 41171K [0x00000000c0000000, 0x00000000c5580000, 0x00000000eab00000)
  object space 87552K, 47% used [0x00000000c0000000,0x00000000c2834f90,0x00000000c5580000)
 Metaspace       used 5902K, capacity 6960K, committed 7040K, reserved 1056768K
  class space    used 582K, capacity 616K, committed 640K, reserved 1048576K
}
Event: 17.076 GC heap before
{Heap before GC invocations=4 (full 0):
 PSYoungGen      total 71680K, used 71679K [0x00000000eab00000, 0x00000000f3700000, 0x0000000100000000)
  eden space 66560K, 100% used [0x00000000eab00000,0x00000000eec00000,0x00000000eec00000)
  from space 5120K, 99% used [0x00000000eec00000,0x00000000ef0ffd30,0x00000000ef100000)
  to   space 5120K, 0% used [0x00000000f3200000,0x00000000f3200000,0x00000000f3700000)
 ParOldGen       total 87552K, used 41171K [0x00000000c0000000, 0x00000000c5580000, 0x00000000eab00000)
  object space 87552K, 47% used [0x00000000c0000000,0x00000000c2834f90,0x00000000c5580000)
 Metaspace       used 5945K, capacity 6960K, committed 7040K, reserved 1056768K
  class space    used 582K, capacity 616K, committed 640K, reserved 1048576K
Event: 17.232 GC heap after
Heap after GC invocations=4 (full 0):
 PSYoungGen      total 138240K, used 5088K [0x00000000eab00000, 0x00000000f3700000, 0x0000000100000000)
  eden space 133120K, 0% used [0x00000000eab00000,0x00000000eab00000,0x00000000f2d00000)
  from space 5120K, 99% used [0x00000000f3200000,0x00000000f36f8290,0x00000000f3700000)
  to   space 5120K, 0% used [0x00000000f2d00000,0x00000000f2d00000,0x00000000f3200000)
 ParOldGen       total 87552K, used 64901K [0x00000000c0000000, 0x00000000c5580000, 0x00000000eab00000)
  object space 87552K, 74% used [0x00000000c0000000,0x00000000c3f616d8,0x00000000c5580000)
 Metaspace       used 5945K, capacity 6960K, committed 7040K, reserved 1056768K
  class space    used 582K, capacity 616K, committed 640K, reserved 1048576K
}
Event: 17.232 GC heap before
{Heap before GC invocations=5 (full 1):
 PSYoungGen      total 138240K, used 5088K [0x00000000eab00000, 0x00000000f3700000, 0x0000000100000000)
  eden space 133120K, 0% used [0x00000000eab00000,0x00000000eab00000,0x00000000f2d00000)
  from space 5120K, 99% used [0x00000000f3200000,0x00000000f36f8290,0x00000000f3700000)
  to   space 5120K, 0% used [0x00000000f2d00000,0x00000000f2d00000,0x00000000f3200000)
 ParOldGen       total 87552K, used 64901K [0x00000000c0000000, 0x00000000c5580000, 0x00000000eab00000)
  object space 87552K, 74% used [0x00000000c0000000,0x00000000c3f616d8,0x00000000c5580000)
 Metaspace       used 5945K, capacity 6960K, committed 7040K, reserved 1056768K
  class space    used 582K, capacity 616K, committed 640K, reserved 1048576K
Event: 17.740 GC heap after
Heap after GC invocations=5 (full 1):
 PSYoungGen      total 138240K, used 0K [0x00000000eab00000, 0x00000000f3700000, 0x0000000100000000)
  eden space 133120K, 0% used [0x00000000eab00000,0x00000000eab00000,0x00000000f2d00000)
  from space 5120K, 0% used [0x00000000f3200000,0x00000000f3200000,0x00000000f3700000)
  to   space 5120K, 0% used [0x00000000f2d00000,0x00000000f2d00000,0x00000000f3200000)
 ParOldGen       total 104448K, used 27441K [0x00000000c0000000, 0x00000000c6600000, 0x00000000eab00000)
  object space 104448K, 26% used [0x00000000c0000000,0x00000000c1acc5b8,0x00000000c6600000)
 Metaspace       used 5945K, capacity 6960K, committed 7040K, reserved 1056768K
  class space    used 582K, capacity 616K, committed 640K, reserved 1048576K
}

Deoptimization events (10 events):
Event: 21.457 Thread 0x0000000016156800 Uncommon trap: reason=class_check action=maybe_recompile pc=0x00000000023b3868 method=java.util.HashMap.putVal(ILjava/lang/Object;Ljava/lang/Object;ZZ)Ljava/lang/Object; @ 203
Event: 21.458 Thread 0x0000000016156800 Uncommon trap: reason=bimorphic action=maybe_recompile pc=0x00000000021aafb8 method=java.util.HashMap.getNode(ILjava/lang/Object;)Ljava/util/HashMap$Node; @ 126
Event: 21.461 Thread 0x0000000016156800 Uncommon trap: reason=bimorphic action=maybe_recompile pc=0x000000000236d1dc method=java.util.HashMap.getNode(ILjava/lang/Object;)Ljava/util/HashMap$Node; @ 126
Event: 21.461 Thread 0x0000000016156800 Uncommon trap: reason=class_check action=maybe_recompile pc=0x00000000023b3868 method=java.util.HashMap.putVal(ILjava/lang/Object;Ljava/lang/Object;ZZ)Ljava/lang/Object; @ 203
Event: 21.462 Thread 0x0000000016156800 Uncommon trap: reason=class_check action=maybe_recompile pc=0x00000000023b3868 method=java.util.HashMap.putVal(ILjava/lang/Object;Ljava/lang/Object;ZZ)Ljava/lang/Object; @ 203
Event: 21.463 Thread 0x0000000016156800 Uncommon trap: reason=class_check action=maybe_recompile pc=0x00000000025f9a54 method=java.util.HashMap.putVal(ILjava/lang/Object;Ljava/lang/Object;ZZ)Ljava/lang/Object; @ 203
Event: 21.487 Thread 0x0000000016156800 Uncommon trap: reason=bimorphic action=maybe_recompile pc=0x00000000027d7fa8 method=java.util.HashMap.putVal(ILjava/lang/Object;Ljava/lang/Object;ZZ)Ljava/lang/Object; @ 203
Event: 21.492 Thread 0x0000000016156800 Uncommon trap: reason=bimorphic action=maybe_recompile pc=0x00000000027d7fa8 method=java.util.HashMap.putVal(ILjava/lang/Object;Ljava/lang/Object;ZZ)Ljava/lang/Object; @ 203
Event: 21.494 Thread 0x0000000016156800 Uncommon trap: reason=bimorphic action=maybe_recompile pc=0x00000000027d7fa8 method=java.util.HashMap.putVal(ILjava/lang/Object;Ljava/lang/Object;ZZ)Ljava/lang/Object; @ 203
Event: 21.494 Thread 0x0000000016156800 Uncommon trap: reason=bimorphic action=maybe_recompile pc=0x00000000027d7fa8 method=java.util.HashMap.putVal(ILjava/lang/Object;Ljava/lang/Object;ZZ)Ljava/lang/Object; @ 203

Internal exceptions (2 events):
Event: 2.133 Thread 0x0000000001d93000 Exception <a 'java/lang/NoSuchMethodError': Method sun.misc.Unsafe.defineClass(Ljava/lang/String;[BII)Ljava/lang/Class; name or signature does not match> (0x00000000eab07cc0) thrown at [C:\re\workspace\8-2-build-windows-amd64-cygwin\jdk8u101\7261\hotspot\s!®IÌÏ@
Event: 2.133 Thread 0x0000000001d93000 Exception <a 'java/lang/NoSuchMethodError': Method sun.misc.Unsafe.prefetchRead(Ljava/lang/Object;J)V name or signature does not match> (0x00000000eab07fa8) thrown at [C:\re\workspace\8-2-build-windows-amd64-cygwin\jdk8u101\7261\hotspot\src\share\vm\prims\

Events (10 events):
Event: 21.494 Thread 0x0000000016156800 Uncommon trap: trap_request=0xffffffc6 fr.pc=0x00000000027d7fa8
Event: 21.494 Thread 0x0000000016156800 DEOPT PACKING pc=0x00000000027d7fa8 sp=0x000000001671eb90
Event: 21.494 Thread 0x0000000016156800 DEOPT UNPACKING pc=0x0000000001ed582a sp=0x000000001671eab0 mode 2
Event: 21.494 Thread 0x0000000016156800 Uncommon trap: trap_request=0xffffffc6 fr.pc=0x00000000027d7fa8
Event: 21.494 Thread 0x0000000016156800 DEOPT PACKING pc=0x00000000027d7fa8 sp=0x000000001671eb90
Event: 21.494 Thread 0x0000000016156800 DEOPT UNPACKING pc=0x0000000001ed582a sp=0x000000001671eab0 mode 2
Event: 21.642 loading class com/android/dx/dex/file/CatchStructs
Event: 21.642 loading class com/android/dx/dex/file/CatchStructs done
Event: 21.665 loading class com/android/dx/dex/file/ProtoIdItem
Event: 21.665 loading class com/android/dx/dex/file/ProtoIdItem done


Dynamic libraries:
0x00007ff76a4d0000 - 0x00007ff76a507000 	C:\Program Files\Java\jdk1.8.0_101\bin\java.exe
0x00007ff802630000 - 0x00007ff8027da000 	C:\Windows\SYSTEM32\ntdll.dll
0x00007ff802310000 - 0x00007ff80244a000 	C:\Windows\system32\KERNEL32.DLL
0x00007fffffd30000 - 0x00007fffffe3f000 	C:\Windows\system32\KERNELBASE.dll
0x00007ffffe3c0000 - 0x00007ffffe448000 	C:\Windows\system32\apphelp.dll
0x00007ffff00a0000 - 0x00007ffff00ef000 	C:\Windows\AppPatch\AppPatch64\AcGenral.DLL
0x00007ff800470000 - 0x00007ff800517000 	C:\Windows\system32\msvcrt.dll
0x00007fffff650000 - 0x00007fffff67b000 	C:\Windows\SYSTEM32\SspiCli.dll
0x00007ff802230000 - 0x00007ff802281000 	C:\Windows\system32\SHLWAPI.dll
0x00007ff8002e0000 - 0x00007ff800451000 	C:\Windows\system32\USER32.dll
0x00007ff8020b0000 - 0x00007ff802228000 	C:\Windows\system32\ole32.dll
0x00007ff800ac0000 - 0x00007ff801ed7000 	C:\Windows\system32\SHELL32.dll
0x00007ffffeff0000 - 0x00007fffff00e000 	C:\Windows\SYSTEM32\USERENV.dll
0x00007ff801ef0000 - 0x00007ff801f95000 	C:\Windows\system32\ADVAPI32.dll
0x00007fffeea20000 - 0x00007fffeea3b000 	C:\Windows\SYSTEM32\MPR.dll
0x00007ff800820000 - 0x00007ff800956000 	C:\Windows\system32\RPCRT4.dll
0x00007ff8022b0000 - 0x00007ff802307000 	C:\Windows\SYSTEM32\sechost.dll
0x00007ff802450000 - 0x00007ff802626000 	C:\Windows\SYSTEM32\combase.dll
0x00007ff8006c0000 - 0x00007ff800805000 	C:\Windows\system32\GDI32.dll
0x00007fffff980000 - 0x00007fffff994000 	C:\Windows\SYSTEM32\profapi.dll
0x00007ffffdb30000 - 0x00007ffffdbcf000 	C:\Windows\SYSTEM32\SHCORE.dll
0x00007ff802060000 - 0x00007ff802094000 	C:\Windows\system32\IMM32.DLL
0x00007ff800520000 - 0x00007ff800659000 	C:\Windows\system32\MSCTF.dll
0x00007ffffd260000 - 0x00007ffffd4ba000 	C:\Windows\WinSxS\amd64_microsoft.windows.common-controls_6595b64144ccf1df_6.0.9600.17031_none_6242a4b3ecbb55a1\COMCTL32.dll
0x0000000059340000 - 0x0000000059412000 	C:\Program Files\Java\jdk1.8.0_101\jre\bin\msvcr100.dll
0x00000000598c0000 - 0x000000005a15a000 	C:\Program Files\Java\jdk1.8.0_101\jre\bin\server\jvm.dll
0x00007ffff1550000 - 0x00007ffff1559000 	C:\Windows\SYSTEM32\WSOCK32.dll
0x00007ffffd7e0000 - 0x00007ffffd7ff000 	C:\Windows\SYSTEM32\WINMM.dll
0x00007ffffea40000 - 0x00007ffffea4a000 	C:\Windows\SYSTEM32\VERSION.dll
0x00007ff800460000 - 0x00007ff800467000 	C:\Windows\system32\PSAPI.DLL
0x00007ff800660000 - 0x00007ff8006b8000 	C:\Windows\system32\WS2_32.dll
0x00007ffffbd90000 - 0x00007ffffbdba000 	C:\Windows\SYSTEM32\WINMMBASE.dll
0x00007ff801ee0000 - 0x00007ff801ee9000 	C:\Windows\system32\NSI.dll
0x00007ff800000000 - 0x00007ff80004a000 	C:\Windows\SYSTEM32\cfgmgr32.dll
0x00007ffffe7c0000 - 0x00007ffffe7e6000 	C:\Windows\SYSTEM32\DEVOBJ.dll
0x00000000598b0000 - 0x00000000598bf000 	C:\Program Files\Java\jdk1.8.0_101\jre\bin\verify.dll
0x0000000059880000 - 0x00000000598a9000 	C:\Program Files\Java\jdk1.8.0_101\jre\bin\java.dll
0x0000000059860000 - 0x0000000059876000 	C:\Program Files\Java\jdk1.8.0_101\jre\bin\zip.dll

VM Arguments:
jvm_args: -Djava.awt.headless=true -Xmx1024M -Dfile.encoding=windows-1252 -Duser.country=US -Duser.language=en -Duser.variant 
java_command: com.android.dx.command.Main --dex --force-jumbo --num-threads=4 --multi-dex --output E:\Android\TutorGoKhuari\app\build\intermediates\transforms\dex\debug\folders\1000\5\slice_2 E:\Android\TutorGoKhuari\app\build\intermediates\transforms\instantRunSlicer\debug\folders\1\5\slice_2
java_class_path (initial): E:\AndroidSDK\build-tools\24.0.2\lib\dx.jar
Launcher Type: SUN_STANDARD

Environment Variables:
JAVA_HOME=C:\Program Files (x86)\Java\jdk1.8.0_60
PATH=C:\app\Farazsid\product\12.1.0\dbhome_1\bin;C:\ProgramData\Oracle\Java\javapath;C:\Windows\system32;C:\Windows;C:\Windows\System32\Wbem;C:\Windows\System32\WindowsPowerShell\v1.0\;C:\Program Files (x86)\Skype\Phone\;C:\Program Files (x86)\Windows Live\Shared;c:\Program Files (x86)\Microsoft SQL Server\110\Tools\Binn\ManagementStudio\;c:\Program Files (x86)\Microsoft SQL Server\110\Tools\Binn\;c:\Program Files (x86)\Microsoft SQL Server\110\DTS\Binn\;E:\Matlab R2016a\runtime\win64;E:\Matlab R2016a\bin;E:\MATLAB\runtime\win64;E:\MATLAB\bin;C:\Program Files\nodejs\;C:\Program Files (x86)\Java\jdk1.8.0_60\bin;C:\Program Files\nodejs;E:\Cordova Setup\apache-ant-1.9.7-bin\apache-ant-1.9.7\bin;E:\AndroidSDK\tools;E:\Matlab R2016a\polyspace\bin;C:\MinGW\bin;F:\Faraz IBA\OS\Project\Help\bin\Release;C:\Users\Farazsid\AppData\Roaming\npm;F:\Faraz IBA\OS\Project\Help\bin\Release
USERNAME=Farazsid
OS=Windows_NT
PROCESSOR_IDENTIFIER=Intel64 Family 6 Model 58 Stepping 9, GenuineIntel



---------------  S Y S T E M  ---------------

OS: Windows 8.1 , 64 bit Build 9600 (6.3.9600.17056)

CPU:total 4 (2 cores per cpu, 2 threads per core) family 6 model 58 stepping 9, cmov, cx8, fxsr, mmx, sse, sse2, sse3, ssse3, sse4.1, sse4.2, popcnt, avx, clmul, erms, ht, tsc, tscinvbit, tscinv

Memory: 4k page, physical 8265268k(1167488k free), swap 11410996k(4848k free)

vm_info: Java HotSpot(TM) 64-Bit Server VM (25.101-b13) for windows-amd64 JRE (1.8.0_101-b13), built on Jun 22 2016 01:21:29 by "java_re" with MS VC++ 10.0 (VS2010)

time: Sun Jan 01 21:15:06 2017
elapsed time: 21 seconds (0d 0h 0m 21s)

