#
# There is insufficient memory for the Java Runtime Environment to continue.
# Native memory allocation (malloc) failed to allocate 899776 bytes for Chunk::new
# Possible reasons:
#   The system is out of physical RAM or swap space
#   In 32 bit mode, the process size limit was hit
# Possible solutions:
#   Reduce memory load on the system
#   Increase physical memory or swap space
#   Check if swap backing store is full
#   Use 64 bit Java on a 64 bit OS
#   Decrease Java heap size (-Xmx/-Xms)
#   Decrease number of Java threads
#   Decrease Java thread stack sizes (-Xss)
#   Set larger code cache with -XX:ReservedCodeCacheSize=
# This output file may be truncated or incomplete.
#
#  Out of Memory Error (allocation.cpp:390), pid=2640, tid=0x0000000000000dc4
#
# JRE version: Java(TM) SE Runtime Environment (8.0_101-b13) (build 1.8.0_101-b13)
# Java VM: Java HotSpot(TM) 64-Bit Server VM (25.101-b13 mixed mode windows-amd64 compressed oops)
# Failed to write core dump. Minidumps are not enabled by default on client versions of Windows
#

---------------  T H R E A D  ---------------

Current thread (0x00000000147cd000):  JavaThread "C2 CompilerThread0" daemon [_thread_in_native, id=3524, stack(0x0000000015fc0000,0x00000000160c0000)]

Stack: [0x0000000015fc0000,0x00000000160c0000]
[error occurred during error reporting (printing stack bounds), id 0xc0000005]

Native frames: (J=compiled Java code, j=interpreted, Vv=VM code, C=native code)


Current CompileTask:
C2:  23554 2345       4       com.android.dx.dex.code.OutputFinisher::addConstants (93 bytes)


---------------  P R O C E S S  ---------------

Java Threads: ( => current thread )
  0x000000001653b800 JavaThread "pool-1-thread-1" [_thread_in_vm, id=3812, stack(0x00000000170c0000,0x00000000171c0000)]
  0x00000000161c5800 JavaThread "Service Thread" daemon [_thread_blocked, id=3792, stack(0x00000000166c0000,0x00000000167c0000)]
  0x000000001482e800 JavaThread "C1 CompilerThread2" daemon [_thread_blocked, id=4840, stack(0x00000000165c0000,0x00000000166c0000)]
  0x000000001482b800 JavaThread "C2 CompilerThread1" daemon [_thread_in_native, id=6012, stack(0x00000000160c0000,0x00000000161c0000)]
=>0x00000000147cd000 JavaThread "C2 CompilerThread0" daemon [_thread_in_native, id=3524, stack(0x0000000015fc0000,0x00000000160c0000)]
  0x00000000147cb000 JavaThread "Attach Listener" daemon [_thread_blocked, id=6308, stack(0x0000000015ec0000,0x0000000015fc0000)]
  0x00000000147ca000 JavaThread "Signal Dispatcher" daemon [_thread_blocked, id=504, stack(0x0000000015dc0000,0x0000000015ec0000)]
  0x00000000020f4800 JavaThread "Finalizer" daemon [_thread_blocked, id=5432, stack(0x0000000015a60000,0x0000000015b60000)]
  0x00000000020ef800 JavaThread "Reference Handler" daemon [_thread_blocked, id=6596, stack(0x0000000015960000,0x0000000015a60000)]
  0x0000000002003000 JavaThread "main" [_thread_blocked, id=4648, stack(0x0000000001f00000,0x0000000002000000)]

Other Threads:
  0x0000000014798000 VMThread [stack: 0x0000000015860000,0x0000000015960000] [id=4988]
  0x00000000161d2000 WatcherThread [stack: 0x00000000167c0000,0x00000000168c0000] [id=3964]

VM state:not at safepoint (normal execution)

VM Mutex/Monitor currently owned by a thread: None

Heap:
 PSYoungGen      total 138240K, used 52961K [0x00000000eab00000, 0x00000000f3700000, 0x0000000100000000)
  eden space 133120K, 39% used [0x00000000eab00000,0x00000000edeb8608,0x00000000f2d00000)
  from space 5120K, 0% used [0x00000000f3200000,0x00000000f3200000,0x00000000f3700000)
  to   space 5120K, 0% used [0x00000000f2d00000,0x00000000f2d00000,0x00000000f3200000)
 ParOldGen       total 153600K, used 66600K [0x00000000c0000000, 0x00000000c9600000, 0x00000000eab00000)
  object space 153600K, 43% used [0x00000000c0000000,0x00000000c410a300,0x00000000c9600000)
 Metaspace       used 6661K, capacity 7320K, committed 7680K, reserved 1056768K
  class space    used 630K, capacity 656K, committed 768K, reserved 1048576K

Card table byte_map: [0x00000000114c0000,0x00000000116d0000] byte_map_base: 0x0000000010ec0000

Marking Bits: (ParMarkBitMap*) 0x000000005a0da6d0
 Begin Bits: [0x0000000011c30000, 0x0000000012c30000)
 End Bits:   [0x0000000012c30000, 0x0000000013c30000)

Polling page: 0x0000000001e40000

CodeCache: size=245760Kb used=10278Kb max_used=10278Kb free=235481Kb
 bounds [0x0000000002100000, 0x0000000002b20000, 0x0000000011100000]
 total_blobs=2530 nmethods=2260 adapters=182
 compilation: enabled

Compilation events (10 events):
Event: 23.400 Thread 0x000000001482e800 2349       3       java.util.HashMap$KeyIterator::<init> (11 bytes)
Event: 23.400 Thread 0x000000001482e800 nmethod 2349 0x0000000002b0fc90 code [0x0000000002b0fe00, 0x0000000002b0ffa8]
Event: 23.401 Thread 0x000000001482e800 2350       3       com.android.dx.dex.file.DebugInfoItem::<init> (36 bytes)
Event: 23.401 Thread 0x000000001482e800 nmethod 2350 0x0000000002b0f710 code [0x0000000002b0f880, 0x0000000002b0fb78]
Event: 23.407 Thread 0x000000001482e800 2352       3       com.android.dx.dex.code.OutputFinisher::getAllConstants (47 bytes)
Event: 23.408 Thread 0x000000001482e800 nmethod 2352 0x0000000002b0e610 code [0x0000000002b0e840, 0x0000000002b0f1a8]
Event: 23.537 Thread 0x000000001482e800 2355 %     3       com.android.dx.dex.code.StdCatchBuilder::hasAnyCatches @ 15 (57 bytes)
Event: 23.538 Thread 0x000000001482e800 nmethod 2355% 0x0000000002b10510 code [0x0000000002b10700, 0x0000000002b11478]
Event: 23.538 Thread 0x000000001482e800 2356       3       com.android.dx.dex.code.StdCatchBuilder::hasAnyCatches (57 bytes)
Event: 23.539 Thread 0x000000001482e800 nmethod 2356 0x0000000002b11a10 code [0x0000000002b11c00, 0x0000000002b12938]

GC Heap History (10 events):
Event: 3.811 GC heap before
{Heap before GC invocations=3 (full 0):
 PSYoungGen      total 71680K, used 71671K [0x00000000eab00000, 0x00000000ef600000, 0x0000000100000000)
  eden space 66560K, 100% used [0x00000000eab00000,0x00000000eec00000,0x00000000eec00000)
  from space 5120K, 99% used [0x00000000ef100000,0x00000000ef5fde38,0x00000000ef600000)
  to   space 5120K, 0% used [0x00000000eec00000,0x00000000eec00000,0x00000000ef100000)
 ParOldGen       total 87552K, used 3043K [0x00000000c0000000, 0x00000000c5580000, 0x00000000eab00000)
  object space 87552K, 3% used [0x00000000c0000000,0x00000000c02f8c30,0x00000000c5580000)
 Metaspace       used 6291K, capacity 7154K, committed 7296K, reserved 1056768K
  class space    used 604K, capacity 618K, committed 640K, reserved 1048576K
Event: 3.899 GC heap after
Heap after GC invocations=3 (full 0):
 PSYoungGen      total 71680K, used 5117K [0x00000000eab00000, 0x00000000f3700000, 0x0000000100000000)
  eden space 66560K, 0% used [0x00000000eab00000,0x00000000eab00000,0x00000000eec00000)
  from space 5120K, 99% used [0x00000000eec00000,0x00000000ef0ff488,0x00000000ef100000)
  to   space 5120K, 0% used [0x00000000f3200000,0x00000000f3200000,0x00000000f3700000)
 ParOldGen       total 87552K, used 13272K [0x00000000c0000000, 0x00000000c5580000, 0x00000000eab00000)
  object space 87552K, 15% used [0x00000000c0000000,0x00000000c0cf60e0,0x00000000c5580000)
 Metaspace       used 6291K, capacity 7154K, committed 7296K, reserved 1056768K
  class space    used 604K, capacity 618K, committed 640K, reserved 1048576K
}
Event: 4.580 GC heap before
{Heap before GC invocations=4 (full 0):
 PSYoungGen      total 71680K, used 71677K [0x00000000eab00000, 0x00000000f3700000, 0x0000000100000000)
  eden space 66560K, 100% used [0x00000000eab00000,0x00000000eec00000,0x00000000eec00000)
  from space 5120K, 99% used [0x00000000eec00000,0x00000000ef0ff488,0x00000000ef100000)
  to   space 5120K, 0% used [0x00000000f3200000,0x00000000f3200000,0x00000000f3700000)
 ParOldGen       total 87552K, used 13272K [0x00000000c0000000, 0x00000000c5580000, 0x00000000eab00000)
  object space 87552K, 15% used [0x00000000c0000000,0x00000000c0cf60e0,0x00000000c5580000)
 Metaspace       used 6361K, capacity 7154K, committed 7296K, reserved 1056768K
  class space    used 604K, capacity 618K, committed 640K, reserved 1048576K
Event: 4.621 GC heap after
Heap after GC invocations=4 (full 0):
 PSYoungGen      total 138240K, used 5117K [0x00000000eab00000, 0x00000000f3700000, 0x0000000100000000)
  eden space 133120K, 0% used [0x00000000eab00000,0x00000000eab00000,0x00000000f2d00000)
  from space 5120K, 99% used [0x00000000f3200000,0x00000000f36ff6d8,0x00000000f3700000)
  to   space 5120K, 0% used [0x00000000f2d00000,0x00000000f2d00000,0x00000000f3200000)
 ParOldGen       total 87552K, used 23582K [0x00000000c0000000, 0x00000000c5580000, 0x00000000eab00000)
  object space 87552K, 26% used [0x00000000c0000000,0x00000000c1707aa0,0x00000000c5580000)
 Metaspace       used 6361K, capacity 7154K, committed 7296K, reserved 1056768K
  class space    used 604K, capacity 618K, committed 640K, reserved 1048576K
}
Event: 6.216 GC heap before
{Heap before GC invocations=5 (full 0):
 PSYoungGen      total 138240K, used 138237K [0x00000000eab00000, 0x00000000f3700000, 0x0000000100000000)
  eden space 133120K, 100% used [0x00000000eab00000,0x00000000f2d00000,0x00000000f2d00000)
  from space 5120K, 99% used [0x00000000f3200000,0x00000000f36ff6d8,0x00000000f3700000)
  to   space 5120K, 0% used [0x00000000f2d00000,0x00000000f2d00000,0x00000000f3200000)
 ParOldGen       total 87552K, used 23582K [0x00000000c0000000, 0x00000000c5580000, 0x00000000eab00000)
  object space 87552K, 26% used [0x00000000c0000000,0x00000000c1707aa0,0x00000000c5580000)
 Metaspace       used 6533K, capacity 7256K, committed 7424K, reserved 1056768K
  class space    used 624K, capacity 656K, committed 768K, reserved 1048576K
Event: 6.401 GC heap after
Heap after GC invocations=5 (full 0):
 PSYoungGen      total 138240K, used 5108K [0x00000000eab00000, 0x00000000f3700000, 0x0000000100000000)
  eden space 133120K, 0% used [0x00000000eab00000,0x00000000eab00000,0x00000000f2d00000)
  from space 5120K, 99% used [0x00000000f2d00000,0x00000000f31fd090,0x00000000f3200000)
  to   space 5120K, 0% used [0x00000000f3200000,0x00000000f3200000,0x00000000f3700000)
 ParOldGen       total 87552K, used 44958K [0x00000000c0000000, 0x00000000c5580000, 0x00000000eab00000)
  object space 87552K, 51% used [0x00000000c0000000,0x00000000c2be78f8,0x00000000c5580000)
 Metaspace       used 6533K, capacity 7256K, committed 7424K, reserved 1056768K
  class space    used 624K, capacity 656K, committed 768K, reserved 1048576K
}
Event: 10.127 GC heap before
{Heap before GC invocations=6 (full 0):
 PSYoungGen      total 138240K, used 138228K [0x00000000eab00000, 0x00000000f3700000, 0x0000000100000000)
  eden space 133120K, 100% used [0x00000000eab00000,0x00000000f2d00000,0x00000000f2d00000)
  from space 5120K, 99% used [0x00000000f2d00000,0x00000000f31fd090,0x00000000f3200000)
  to   space 5120K, 0% used [0x00000000f3200000,0x00000000f3200000,0x00000000f3700000)
 ParOldGen       total 87552K, used 44958K [0x00000000c0000000, 0x00000000c5580000, 0x00000000eab00000)
  object space 87552K, 51% used [0x00000000c0000000,0x00000000c2be78f8,0x00000000c5580000)
 Metaspace       used 6561K, capacity 7256K, committed 7424K, reserved 1056768K
  class space    used 624K, capacity 656K, committed 768K, reserved 1048576K
Event: 11.442 GC heap after
Heap after GC invocations=6 (full 0):
 PSYoungGen      total 138240K, used 5109K [0x00000000eab00000, 0x00000000f3700000, 0x0000000100000000)
  eden space 133120K, 0% used [0x00000000eab00000,0x00000000eab00000,0x00000000f2d00000)
  from space 5120K, 99% used [0x00000000f3200000,0x00000000f36fd6b8,0x00000000f3700000)
  to   space 5120K, 0% used [0x00000000f2d00000,0x00000000f2d00000,0x00000000f3200000)
 ParOldGen       total 87552K, used 64638K [0x00000000c0000000, 0x00000000c5580000, 0x00000000eab00000)
  object space 87552K, 73% used [0x00000000c0000000,0x00000000c3f1fa08,0x00000000c5580000)
 Metaspace       used 6561K, capacity 7256K, committed 7424K, reserved 1056768K
  class space    used 624K, capacity 656K, committed 768K, reserved 1048576K
}
Event: 11.442 GC heap before
{Heap before GC invocations=7 (full 1):
 PSYoungGen      total 138240K, used 5109K [0x00000000eab00000, 0x00000000f3700000, 0x0000000100000000)
  eden space 133120K, 0% used [0x00000000eab00000,0x00000000eab00000,0x00000000f2d00000)
  from space 5120K, 99% used [0x00000000f3200000,0x00000000f36fd6b8,0x00000000f3700000)
  to   space 5120K, 0% used [0x00000000f2d00000,0x00000000f2d00000,0x00000000f3200000)
 ParOldGen       total 87552K, used 64638K [0x00000000c0000000, 0x00000000c5580000, 0x00000000eab00000)
  object space 87552K, 73% used [0x00000000c0000000,0x00000000c3f1fa08,0x00000000c5580000)
 Metaspace       used 6561K, capacity 7256K, committed 7424K, reserved 1056768K
  class space    used 624K, capacity 656K, committed 768K, reserved 1048576K
Event: 19.710 GC heap after
Heap after GC invocations=7 (full 1):
 PSYoungGen      total 138240K, used 0K [0x00000000eab00000, 0x00000000f3700000, 0x0000000100000000)
  eden space 133120K, 0% used [0x00000000eab00000,0x00000000eab00000,0x00000000f2d00000)
  from space 5120K, 0% used [0x00000000f3200000,0x00000000f3200000,0x00000000f3700000)
  to   space 5120K, 0% used [0x00000000f2d00000,0x00000000f2d00000,0x00000000f3200000)
 ParOldGen       total 153600K, used 66600K [0x00000000c0000000, 0x00000000c9600000, 0x00000000eab00000)
  object space 153600K, 43% used [0x00000000c0000000,0x00000000c410a300,0x00000000c9600000)
 Metaspace       used 6561K, capacity 7256K, committed 7424K, reserved 1056768K
  class space    used 624K, capacity 656K, committed 768K, reserved 1048576K
}

Deoptimization events (10 events):
Event: 9.485 Thread 0x0000000016535000 Uncommon trap: reason=unstable_if action=reinterpret pc=0x000000000262026c method=java.util.HashMap.putVal(ILjava/lang/Object;Ljava/lang/Object;ZZ)Ljava/lang/Object; @ 162
Event: 20.855 Thread 0x0000000016536000 Uncommon trap: reason=unstable_if action=reinterpret pc=0x00000000027e2424 method=java.util.HashMap.resize()[Ljava/util/HashMap$Node; @ 206
Event: 21.626 Thread 0x000000001653b800 Uncommon trap: reason=null_check action=make_not_entrant pc=0x0000000002a15340 method=com.android.dx.cf.code.Ropper$CatchInfo.getSetup(Lcom/android/dx/rop/type/Type;)Lcom/android/dx/cf/code/Ropper$ExceptionHandlerSetup; @ 10
Event: 23.190 Thread 0x000000001653b800 Uncommon trap: reason=class_check action=maybe_recompile pc=0x00000000025f6988 method=java.util.Arrays.hashCode([Ljava/lang/Object;)I @ 43
Event: 23.190 Thread 0x000000001653b800 Uncommon trap: reason=class_check action=maybe_recompile pc=0x00000000025f6988 method=java.util.Arrays.hashCode([Ljava/lang/Object;)I @ 43
Event: 23.190 Thread 0x000000001653b800 Uncommon trap: reason=class_check action=maybe_recompile pc=0x00000000025f6988 method=java.util.Arrays.hashCode([Ljava/lang/Object;)I @ 43
Event: 23.190 Thread 0x000000001653b800 Uncommon trap: reason=class_check action=maybe_recompile pc=0x00000000025f6988 method=java.util.Arrays.hashCode([Ljava/lang/Object;)I @ 43
Event: 23.190 Thread 0x000000001653b800 Uncommon trap: reason=class_check action=maybe_recompile pc=0x00000000025f94b4 method=java.util.Arrays.hashCode([Ljava/lang/Object;)I @ 43
Event: 23.309 Thread 0x000000001653b800 Uncommon trap: reason=class_check action=maybe_recompile pc=0x00000000025f5984 method=java.util.HashMap.putVal(ILjava/lang/Object;Ljava/lang/Object;ZZ)Ljava/lang/Object; @ 203
Event: 23.396 Thread 0x000000001653b800 Uncommon trap: reason=unstable_if action=reinterpret pc=0x0000000002b03b78 method=java.util.HashMap.putVal(ILjava/lang/Object;Ljava/lang/Object;ZZ)Ljava/lang/Object; @ 94

Internal exceptions (9 events):
Event: 0.278 Thread 0x0000000002003000 Exception <a 'java/lang/NoSuchMethodError': Method sun.misc.Unsafe.defineClass(Ljava/lang/String;[BII)Ljava/lang/Class; name or signature does not match> (0x00000000eab07cc0) thrown at [C:\re\workspace\8-2-build-windows-amd64-cygwin\jdk8u101\7261\hotspot\sÊO[ÔÑ?
Event: 0.279 Thread 0x0000000002003000 Exception <a 'java/lang/NoSuchMethodError': Method sun.misc.Unsafe.prefetchRead(Ljava/lang/Object;J)V name or signature does not match> (0x00000000eab07fa8) thrown at [C:\re\workspace\8-2-build-windows-amd64-cygwin\jdk8u101\7261\hotspot\src\share\vm\prims\Þö¹n=÷ü?
Event: 1.810 Thread 0x0000000016535000 Implicit null exception at 0x00000000024714a2 to 0x00000000024715a1
Event: 2.817 Thread 0x000000001653b800 Implicit null exception at 0x000000000242861d to 0x000000000242a625
Event: 4.884 Thread 0x000000001653b800 Implicit null exception at 0x000000000274df40 to 0x000000000274f0c5
Event: 5.492 Thread 0x000000001653b800 Exception <a 'java/lang/ArrayIndexOutOfBoundsException': 18> (0x00000000efd25e50) thrown at [C:\re\workspace\8-2-build-windows-amd64-cygwin\jdk8u101\7261\hotspot\src\share\vm\interpreter\interpreterRuntime.cpp, line 366]
Event: 5.492 Thread 0x000000001653b800 Exception <a 'java/lang/ArrayIndexOutOfBoundsException': 145> (0x00000000efd279d0) thrown at [C:\re\workspace\8-2-build-windows-amd64-cygwin\jdk8u101\7261\hotspot\src\share\vm\interpreter\interpreterRuntime.cpp, line 366]
Event: 5.493 Thread 0x000000001653b800 Exception <a 'java/lang/ArrayIndexOutOfBoundsException': 40> (0x00000000efd28cb8) thrown at [C:\re\workspace\8-2-build-windows-amd64-cygwin\jdk8u101\7261\hotspot\src\share\vm\interpreter\interpreterRuntime.cpp, line 366]
Event: 21.626 Thread 0x000000001653b800 Implicit null exception at 0x0000000002a0dda4 to 0x0000000002a15301

Events (10 events):
Event: 23.310 Thread 0x000000001653b800 DEOPT UNPACKING pc=0x000000000214582a sp=0x00000000171be840 mode 2
Event: 23.337 loading class com/android/dx/dex/file/CatchStructs
Event: 23.337 loading class com/android/dx/dex/file/CatchStructs done
Event: 23.396 Thread 0x000000001653b800 Uncommon trap: trap_request=0xffffff65 fr.pc=0x0000000002b03b78
Event: 23.396 Thread 0x000000001653b800 DEOPT PACKING pc=0x0000000002b03b78 sp=0x00000000171be7c0
Event: 23.396 Thread 0x000000001653b800 DEOPT UNPACKING pc=0x000000000214582a sp=0x00000000171be6e8 mode 2
Event: 23.408 Thread 0x000000001653b800 DEOPT PACKING pc=0x0000000002afeeaa sp=0x00000000171be930
Event: 23.408 Thread 0x000000001653b800 DEOPT UNPACKING pc=0x000000000214787f sp=0x00000000171be6c0 mode 0
Event: 23.539 Thread 0x000000001653b800 DEOPT PACKING pc=0x0000000002aff8c4 sp=0x00000000171be960
Event: 23.539 Thread 0x000000001653b800 DEOPT UNPACKING pc=0x000000000214787f sp=0x00000000171be6b0 mode 0


Dynamic libraries:
0x00007ff76a4d0000 - 0x00007ff76a507000 	C:\Program Files\Java\jdk1.8.0_101\bin\java.exe
0x00007ff802630000 - 0x00007ff8027da000 	C:\Windows\SYSTEM32\ntdll.dll
0x00007ff802310000 - 0x00007ff80244a000 	C:\Windows\system32\KERNEL32.DLL
0x00007fffffd30000 - 0x00007fffffe3f000 	C:\Windows\system32\KERNELBASE.dll
0x00007ffffe3c0000 - 0x00007ffffe448000 	C:\Windows\system32\apphelp.dll
0x00007ffff00a0000 - 0x00007ffff00ef000 	C:\Windows\AppPatch\AppPatch64\AcGenral.DLL
0x00007ff800470000 - 0x00007ff800517000 	C:\Windows\system32\msvcrt.dll
0x00007fffff650000 - 0x00007fffff67b000 	C:\Windows\SYSTEM32\SspiCli.dll
0x00007ff802230000 - 0x00007ff802281000 	C:\Windows\system32\SHLWAPI.dll
0x00007ff8002e0000 - 0x00007ff800451000 	C:\Windows\system32\USER32.dll
0x00007ff8020b0000 - 0x00007ff802228000 	C:\Windows\system32\ole32.dll
0x00007ff800ac0000 - 0x00007ff801ed7000 	C:\Windows\system32\SHELL32.dll
0x00007ffffeff0000 - 0x00007fffff00e000 	C:\Windows\SYSTEM32\USERENV.dll
0x00007ff801ef0000 - 0x00007ff801f95000 	C:\Windows\system32\ADVAPI32.dll
0x00007fffeea20000 - 0x00007fffeea3b000 	C:\Windows\SYSTEM32\MPR.dll
0x00007ff800820000 - 0x00007ff800956000 	C:\Windows\system32\RPCRT4.dll
0x00007ff8022b0000 - 0x00007ff802307000 	C:\Windows\SYSTEM32\sechost.dll
0x00007ff802450000 - 0x00007ff802626000 	C:\Windows\SYSTEM32\combase.dll
0x00007ff8006c0000 - 0x00007ff800805000 	C:\Windows\system32\GDI32.dll
0x00007fffff980000 - 0x00007fffff994000 	C:\Windows\SYSTEM32\profapi.dll
0x00007ffffdb30000 - 0x00007ffffdbcf000 	C:\Windows\SYSTEM32\SHCORE.dll
0x00007ff802060000 - 0x00007ff802094000 	C:\Windows\system32\IMM32.DLL
0x00007ff800520000 - 0x00007ff800659000 	C:\Windows\system32\MSCTF.dll
0x00007ffffd260000 - 0x00007ffffd4ba000 	C:\Windows\WinSxS\amd64_microsoft.windows.common-controls_6595b64144ccf1df_6.0.9600.17031_none_6242a4b3ecbb55a1\COMCTL32.dll
0x0000000059340000 - 0x0000000059412000 	C:\Program Files\Java\jdk1.8.0_101\jre\bin\msvcr100.dll
0x00000000598c0000 - 0x000000005a15a000 	C:\Program Files\Java\jdk1.8.0_101\jre\bin\server\jvm.dll
0x00007ffff1550000 - 0x00007ffff1559000 	C:\Windows\SYSTEM32\WSOCK32.dll
0x00007ffffd7e0000 - 0x00007ffffd7ff000 	C:\Windows\SYSTEM32\WINMM.dll
0x00007ffffea40000 - 0x00007ffffea4a000 	C:\Windows\SYSTEM32\VERSION.dll
0x00007ff800460000 - 0x00007ff800467000 	C:\Windows\system32\PSAPI.DLL
0x00007ff800660000 - 0x00007ff8006b8000 	C:\Windows\system32\WS2_32.dll
0x00007ffffbd90000 - 0x00007ffffbdba000 	C:\Windows\SYSTEM32\WINMMBASE.dll
0x00007ff801ee0000 - 0x00007ff801ee9000 	C:\Windows\system32\NSI.dll
0x00007ff800000000 - 0x00007ff80004a000 	C:\Windows\SYSTEM32\cfgmgr32.dll
0x00007ffffe7c0000 - 0x00007ffffe7e6000 	C:\Windows\SYSTEM32\DEVOBJ.dll
0x00000000598b0000 - 0x00000000598bf000 	C:\Program Files\Java\jdk1.8.0_101\jre\bin\verify.dll
0x0000000059880000 - 0x00000000598a9000 	C:\Program Files\Java\jdk1.8.0_101\jre\bin\java.dll
0x0000000059860000 - 0x0000000059876000 	C:\Program Files\Java\jdk1.8.0_101\jre\bin\zip.dll

VM Arguments:
jvm_args: -Djava.awt.headless=true -Xmx1024M -Dfile.encoding=windows-1252 -Duser.country=US -Duser.language=en -Duser.variant 
java_command: com.android.dx.command.Main --dex --force-jumbo --num-threads=4 --multi-dex --output E:\Android\TutorGoKhuari\app\build\intermediates\transforms\dex\debug\folders\1000\10\com.android.support-support-v4-23.2.0_5428e6b989eb0359d6090f649f536fdcb0f5c632 E:\Android\TutorGoKhuari\app\build\intermediates\exploded-aar\com.android.support\support-v4\23.2.0\jars\classes.jar
java_class_path (initial): E:\AndroidSDK\build-tools\24.0.2\lib\dx.jar
Launcher Type: SUN_STANDARD

Environment Variables:
JAVA_HOME=C:\Program Files (x86)\Java\jdk1.8.0_60
PATH=C:\app\Farazsid\product\12.1.0\dbhome_1\bin;C:\ProgramData\Oracle\Java\javapath;C:\Windows\system32;C:\Windows;C:\Windows\System32\Wbem;C:\Windows\System32\WindowsPowerShell\v1.0\;C:\Program Files (x86)\Skype\Phone\;C:\Program Files (x86)\Windows Live\Shared;c:\Program Files (x86)\Microsoft SQL Server\110\Tools\Binn\ManagementStudio\;c:\Program Files (x86)\Microsoft SQL Server\110\Tools\Binn\;c:\Program Files (x86)\Microsoft SQL Server\110\DTS\Binn\;E:\Matlab R2016a\runtime\win64;E:\Matlab R2016a\bin;E:\MATLAB\runtime\win64;E:\MATLAB\bin;C:\Program Files\nodejs\;C:\Program Files (x86)\Java\jdk1.8.0_60\bin;C:\Program Files\nodejs;E:\Cordova Setup\apache-ant-1.9.7-bin\apache-ant-1.9.7\bin;E:\AndroidSDK\tools;E:\Matlab R2016a\polyspace\bin;C:\MinGW\bin;F:\Faraz IBA\OS\Project\Help\bin\Release;C:\Users\Farazsid\AppData\Roaming\npm;F:\Faraz IBA\OS\Project\Help\bin\Release
USERNAME=Farazsid
OS=Windows_NT
PROCESSOR_IDENTIFIER=Intel64 Family 6 Model 58 Stepping 9, GenuineIntel



---------------  S Y S T E M  ---------------

OS: Windows 8.1 , 64 bit Build 9600 (6.3.9600.17056)

CPU:total 4 (2 cores per cpu, 2 threads per core) family 6 model 58 stepping 9, cmov, cx8, fxsr, mmx, sse, sse2, sse3, ssse3, sse4.1, sse4.2, popcnt, avx, clmul, erms, ht, tsc, tscinvbit, tscinv

Memory: 4k page, physical 8265268k(1170772k free), swap 11410996k(5352k free)

vm_info: Java HotSpot(TM) 64-Bit Server VM (25.101-b13) for windows-amd64 JRE (1.8.0_101-b13), built on Jun 22 2016 01:21:29 by "java_re" with MS VC++ 10.0 (VS2010)

time: Sun Jan 01 21:15:06 2017
elapsed time: 23 seconds (0d 0h 0m 23s)

