#
# There is insufficient memory for the Java Runtime Environment to continue.
# Native memory allocation (malloc) failed to allocate 1048576 bytes for AllocateHeap
# Possible reasons:
#   The system is out of physical RAM or swap space
#   In 32 bit mode, the process size limit was hit
# Possible solutions:
#   Reduce memory load on the system
#   Increase physical memory or swap space
#   Check if swap backing store is full
#   Use 64 bit Java on a 64 bit OS
#   Decrease Java heap size (-Xmx/-Xms)
#   Decrease number of Java threads
#   Decrease Java thread stack sizes (-Xss)
#   Set larger code cache with -XX:ReservedCodeCacheSize=
# This output file may be truncated or incomplete.
#
#  Out of Memory Error (memory/allocation.inline.hpp:61), pid=7552, tid=0x0000000000001c28
#
# JRE version:  (8.0_101-b13) (build )
# Java VM: Java HotSpot(TM) 64-Bit Server VM (25.101-b13 mixed mode windows-amd64 compressed oops)
# Failed to write core dump. Minidumps are not enabled by default on client versions of Windows
#

---------------  T H R E A D  ---------------

Current thread (0x0000000002223000):  JavaThread "Unknown thread" [_thread_in_vm, id=7208, stack(0x0000000002100000,0x0000000002200000)]

Stack: [0x0000000002100000,0x0000000002200000]
[error occurred during error reporting (printing stack bounds), id 0xc0000005]

Native frames: (J=compiled Java code, j=interpreted, Vv=VM code, C=native code)


---------------  P R O C E S S  ---------------

Java Threads: ( => current thread )

Other Threads:

=>0x0000000002223000 (exited) JavaThread "Unknown thread" [_thread_in_vm, id=7208, stack(0x0000000002100000,0x0000000002200000)]

VM state:not at safepoint (normal execution)

VM Mutex/Monitor currently owned by a thread: None

Heap:
 PSYoungGen      total 38400K, used 665K [0x00000000eab00000, 0x00000000ed580000, 0x0000000100000000)
  eden space 33280K, 2% used [0x00000000eab00000,0x00000000eaba6670,0x00000000ecb80000)
  from space 5120K, 0% used [0x00000000ed080000,0x00000000ed080000,0x00000000ed580000)
  to   space 5120K, 0% used [0x00000000ecb80000,0x00000000ecb80000,0x00000000ed080000)
 ParOldGen       total 87552K, used 0K [0x00000000c0000000, 0x00000000c5580000, 0x00000000eab00000)
  object space 87552K, 0% used [0x00000000c0000000,0x00000000c0000000,0x00000000c5580000)
 Metaspace       used 783K, capacity 1092K, committed 1152K, reserved 1060864K
  class space    used 75K, capacity 384K, committed 384K, reserved 1048576K

Card table byte_map: [0x00000000116e0000,0x00000000118f0000] byte_map_base: 0x00000000110e0000

Marking Bits: (ParMarkBitMap*) 0x000000005a0da6d0
 Begin Bits: [0x0000000011e50000, 0x0000000012e50000)
 End Bits:   [0x0000000012e50000, 0x0000000013e50000)

Polling page: 0x0000000002040000

CodeCache: size=245760Kb used=328Kb max_used=328Kb free=245431Kb
 bounds [0x0000000002320000, 0x0000000002590000, 0x0000000011320000]
 total_blobs=58 nmethods=0 adapters=38
 compilation: enabled

Compilation events (0 events):
No events

GC Heap History (0 events):
No events

Deoptimization events (0 events):
No events

Internal exceptions (0 events):
No events

Events (10 events):
Event: 0.137 loading class java/lang/Short
Event: 0.137 loading class java/lang/Short done
Event: 0.137 loading class java/lang/Integer
Event: 0.137 loading class java/lang/Integer done
Event: 0.137 loading class java/lang/Long
Event: 0.137 loading class java/lang/Long done
Event: 0.139 loading class java/lang/NullPointerException
Event: 0.139 loading class java/lang/NullPointerException done
Event: 0.139 loading class java/lang/ArithmeticException
Event: 0.139 loading class java/lang/ArithmeticException done


Dynamic libraries:
0x00007ff76a4d0000 - 0x00007ff76a507000 	C:\Program Files\Java\jdk1.8.0_101\bin\java.exe
0x00007ff802630000 - 0x00007ff8027da000 	C:\Windows\SYSTEM32\ntdll.dll
0x00007ff802310000 - 0x00007ff80244a000 	C:\Windows\system32\KERNEL32.DLL
0x00007fffffd30000 - 0x00007fffffe3f000 	C:\Windows\system32\KERNELBASE.dll
0x00007ffffe3c0000 - 0x00007ffffe448000 	C:\Windows\system32\apphelp.dll
0x00007ffff00a0000 - 0x00007ffff00ef000 	C:\Windows\AppPatch\AppPatch64\AcGenral.DLL
0x00007ff800470000 - 0x00007ff800517000 	C:\Windows\system32\msvcrt.dll
0x00007fffff650000 - 0x00007fffff67b000 	C:\Windows\SYSTEM32\SspiCli.dll
0x00007ff802230000 - 0x00007ff802281000 	C:\Windows\system32\SHLWAPI.dll
0x00007ff8002e0000 - 0x00007ff800451000 	C:\Windows\system32\USER32.dll
0x00007ff8020b0000 - 0x00007ff802228000 	C:\Windows\system32\ole32.dll
0x00007ff800ac0000 - 0x00007ff801ed7000 	C:\Windows\system32\SHELL32.dll
0x00007ffffeff0000 - 0x00007fffff00e000 	C:\Windows\SYSTEM32\USERENV.dll
0x00007ff801ef0000 - 0x00007ff801f95000 	C:\Windows\system32\ADVAPI32.dll
0x00007fffeea20000 - 0x00007fffeea3b000 	C:\Windows\SYSTEM32\MPR.dll
0x00007ff800820000 - 0x00007ff800956000 	C:\Windows\system32\RPCRT4.dll
0x00007ff8022b0000 - 0x00007ff802307000 	C:\Windows\SYSTEM32\sechost.dll
0x00007ff802450000 - 0x00007ff802626000 	C:\Windows\SYSTEM32\combase.dll
0x00007ff8006c0000 - 0x00007ff800805000 	C:\Windows\system32\GDI32.dll
0x00007fffff980000 - 0x00007fffff994000 	C:\Windows\SYSTEM32\profapi.dll
0x00007ffffdb30000 - 0x00007ffffdbcf000 	C:\Windows\SYSTEM32\SHCORE.dll
0x00007ff802060000 - 0x00007ff802094000 	C:\Windows\system32\IMM32.DLL
0x00007ff800520000 - 0x00007ff800659000 	C:\Windows\system32\MSCTF.dll
0x00007ffffd260000 - 0x00007ffffd4ba000 	C:\Windows\WinSxS\amd64_microsoft.windows.common-controls_6595b64144ccf1df_6.0.9600.17031_none_6242a4b3ecbb55a1\COMCTL32.dll
0x0000000059340000 - 0x0000000059412000 	C:\Program Files\Java\jdk1.8.0_101\jre\bin\msvcr100.dll
0x00000000598c0000 - 0x000000005a15a000 	C:\Program Files\Java\jdk1.8.0_101\jre\bin\server\jvm.dll
0x00007ffff1550000 - 0x00007ffff1559000 	C:\Windows\SYSTEM32\WSOCK32.dll
0x00007ffffd7e0000 - 0x00007ffffd7ff000 	C:\Windows\SYSTEM32\WINMM.dll
0x00007ffffea40000 - 0x00007ffffea4a000 	C:\Windows\SYSTEM32\VERSION.dll
0x00007ff800460000 - 0x00007ff800467000 	C:\Windows\system32\PSAPI.DLL
0x00007ff800660000 - 0x00007ff8006b8000 	C:\Windows\system32\WS2_32.dll
0x00007ffffbd90000 - 0x00007ffffbdba000 	C:\Windows\SYSTEM32\WINMMBASE.dll
0x00007ff801ee0000 - 0x00007ff801ee9000 	C:\Windows\system32\NSI.dll
0x00007ff800000000 - 0x00007ff80004a000 	C:\Windows\SYSTEM32\cfgmgr32.dll
0x00007ffffe7c0000 - 0x00007ffffe7e6000 	C:\Windows\SYSTEM32\DEVOBJ.dll
0x00000000598b0000 - 0x00000000598bf000 	C:\Program Files\Java\jdk1.8.0_101\jre\bin\verify.dll
0x0000000059880000 - 0x00000000598a9000 	C:\Program Files\Java\jdk1.8.0_101\jre\bin\java.dll
0x0000000059860000 - 0x0000000059876000 	C:\Program Files\Java\jdk1.8.0_101\jre\bin\zip.dll

VM Arguments:
jvm_args: -Djava.awt.headless=true -Xmx1024M -Dfile.encoding=windows-1252 -Duser.country=US -Duser.language=en -Duser.variant 
java_command: com.android.dx.command.Main --dex --force-jumbo --num-threads=4 --multi-dex --output E:\Android\TutorGoKhuari\app\build\intermediates\transforms\dex\debug\folders\1000\5\slice_2 E:\Android\TutorGoKhuari\app\build\intermediates\transforms\instantRunSlicer\debug\folders\1\5\slice_2
java_class_path (initial): E:\AndroidSDK\build-tools\24.0.2\lib\dx.jar
Launcher Type: SUN_STANDARD

Environment Variables:
JAVA_HOME=C:\Program Files (x86)\Java\jdk1.8.0_60
PATH=C:\app\Farazsid\product\12.1.0\dbhome_1\bin;C:\ProgramData\Oracle\Java\javapath;C:\Windows\system32;C:\Windows;C:\Windows\System32\Wbem;C:\Windows\System32\WindowsPowerShell\v1.0\;C:\Program Files (x86)\Skype\Phone\;C:\Program Files (x86)\Windows Live\Shared;c:\Program Files (x86)\Microsoft SQL Server\110\Tools\Binn\ManagementStudio\;c:\Program Files (x86)\Microsoft SQL Server\110\Tools\Binn\;c:\Program Files (x86)\Microsoft SQL Server\110\DTS\Binn\;E:\Matlab R2016a\runtime\win64;E:\Matlab R2016a\bin;E:\MATLAB\runtime\win64;E:\MATLAB\bin;C:\Program Files\nodejs\;C:\Program Files (x86)\Java\jdk1.8.0_60\bin;C:\Program Files\nodejs;E:\Cordova Setup\apache-ant-1.9.7-bin\apache-ant-1.9.7\bin;E:\AndroidSDK\tools;E:\Matlab R2016a\polyspace\bin;C:\MinGW\bin;F:\Faraz IBA\OS\Project\Help\bin\Release;C:\Users\Farazsid\AppData\Roaming\npm;F:\Faraz IBA\OS\Project\Help\bin\Release
USERNAME=Farazsid
OS=Windows_NT
PROCESSOR_IDENTIFIER=Intel64 Family 6 Model 58 Stepping 9, GenuineIntel



---------------  S Y S T E M  ---------------

OS: Windows 8.1 , 64 bit Build 9600 (6.3.9600.17056)

CPU:total 4 (2 cores per cpu, 2 threads per core) family 6 model 58 stepping 9, cmov, cx8, fxsr, mmx, sse, sse2, sse3, ssse3, sse4.1, sse4.2, popcnt, avx, clmul, erms, ht, tsc, tscinvbit, tscinv

Memory: 4k page, physical 8265268k(1545044k free), swap 11410996k(6000k free)

vm_info: Java HotSpot(TM) 64-Bit Server VM (25.101-b13) for windows-amd64 JRE (1.8.0_101-b13), built on Jun 22 2016 01:21:29 by "java_re" with MS VC++ 10.0 (VS2010)

time: Sun Jan 01 21:11:34 2017
elapsed time: 0 seconds (0d 0h 0m 0s)

